2020-05-04 15:30:50.735  INFO 80368 --- [main] c.i.v.VerizonGroupProjectApplication     : Starting VerizonGroupProjectApplication on USABOS279988L with PID 80368 (C:\Users\jonathan.sisneros\Documents\VerizonGroupProject\jrs-branch\VerizonGroup\verizon_group_project\verizon_group_project\target\classes started by jonathan.sisneros in C:\Users\jonathan.sisneros\Documents\VerizonGroupProject\jrs-branch\VerizonGroup\verizon_group_project\verizon_group_project)
2020-05-04 15:30:50.751  INFO 80368 --- [main] c.i.v.VerizonGroupProjectApplication     : No active profile set, falling back to default profiles: default
2020-05-04 15:30:52.222  INFO 80368 --- [main] .s.d.r.c.RepositoryConfigurationDelegate : Bootstrapping Spring Data JPA repositories in DEFAULT mode.
2020-05-04 15:30:52.300  INFO 80368 --- [main] .s.d.r.c.RepositoryConfigurationDelegate : Finished Spring Data repository scanning in 57ms. Found 0 JPA repository interfaces.
2020-05-04 15:30:58.458  INFO 60036 --- [main] c.i.v.VerizonGroupProjectApplication     : Starting VerizonGroupProjectApplication on USABOS279988L with PID 60036 (C:\Users\jonathan.sisneros\Documents\VerizonGroupProject\jrs-branch\VerizonGroup\verizon_group_project\verizon_group_project\target\classes started by jonathan.sisneros in C:\Users\jonathan.sisneros\Documents\VerizonGroupProject\jrs-branch\VerizonGroup\verizon_group_project\verizon_group_project)
2020-05-04 15:30:58.458  INFO 60036 --- [main] c.i.v.VerizonGroupProjectApplication     : No active profile set, falling back to default profiles: default
2020-05-04 15:30:59.561  INFO 60036 --- [main] .s.d.r.c.RepositoryConfigurationDelegate : Bootstrapping Spring Data JPA repositories in DEFAULT mode.
2020-05-04 15:30:59.630  INFO 60036 --- [main] .s.d.r.c.RepositoryConfigurationDelegate : Finished Spring Data repository scanning in 61ms. Found 0 JPA repository interfaces.
2020-05-04 15:31:01.411  INFO 60036 --- [main] o.s.b.w.embedded.tomcat.TomcatWebServer  : Tomcat initialized with port(s): 3333 (http)
2020-05-04 15:31:01.431  INFO 60036 --- [main] o.apache.catalina.core.StandardService   : Starting service [Tomcat]
2020-05-04 15:31:01.431  INFO 60036 --- [main] org.apache.catalina.core.StandardEngine  : Starting Servlet engine: [Apache Tomcat/9.0.33]
2020-05-04 15:31:01.664  INFO 60036 --- [main] o.a.c.c.C.[.[.[/verizon_group_project]   : Initializing Spring embedded WebApplicationContext
2020-05-04 15:31:01.664  INFO 60036 --- [main] o.s.web.context.ContextLoader            : Root WebApplicationContext: initialization completed in 3090 ms
2020-05-04 15:31:02.041  INFO 60036 --- [main] com.zaxxer.hikari.HikariDataSource       : HikariPool-1 - Starting...
2020-05-04 15:31:05.692  INFO 60036 --- [main] com.zaxxer.hikari.HikariDataSource       : HikariPool-1 - Start completed.
2020-05-04 15:31:05.910  INFO 60036 --- [main] o.hibernate.jpa.internal.util.LogHelper  : HHH000204: Processing PersistenceUnitInfo [name: default]
2020-05-04 15:31:06.346  INFO 60036 --- [main] org.hibernate.Version                    : HHH000412: Hibernate ORM core version 5.4.12.Final
2020-05-04 15:31:06.694  INFO 60036 --- [main] o.hibernate.annotations.common.Version   : HCANN000001: Hibernate Commons Annotations {5.1.0.Final}
2020-05-04 15:31:07.296  INFO 60036 --- [main] org.hibernate.dialect.Dialect            : HHH000400: Using dialect: org.hibernate.dialect.Oracle10gDialect
2020-05-04 15:31:13.055  INFO 60036 --- [main] o.h.e.t.j.p.i.JtaPlatformInitiator       : HHH000490: Using JtaPlatform implementation: [org.hibernate.engine.transaction.jta.platform.internal.NoJtaPlatform]
2020-05-04 15:31:13.055  INFO 60036 --- [main] j.LocalContainerEntityManagerFactoryBean : Initialized JPA EntityManagerFactory for persistence unit 'default'
2020-05-04 15:31:13.572  WARN 60036 --- [main] JpaBaseConfiguration$JpaWebConfiguration : spring.jpa.open-in-view is enabled by default. Therefore, database queries may be performed during view rendering. Explicitly configure spring.jpa.open-in-view to disable this warning
2020-05-04 15:31:14.010  INFO 60036 --- [main] o.s.s.concurrent.ThreadPoolTaskExecutor  : Initializing ExecutorService 'applicationTaskExecutor'
2020-05-04 15:31:14.674  INFO 60036 --- [main] o.s.b.w.embedded.tomcat.TomcatWebServer  : Tomcat started on port(s): 3333 (http) with context path '/verizon_group_project'
2020-05-04 15:31:14.674  INFO 60036 --- [main] c.i.v.VerizonGroupProjectApplication     : Started VerizonGroupProjectApplication in 16.963 seconds (JVM running for 17.636)
2020-05-04 15:37:00.035  INFO 60036 --- [http-nio-3333-exec-1] o.a.c.c.C.[.[.[/verizon_group_project]   : Initializing Spring DispatcherServlet 'dispatcherServlet'
2020-05-04 15:37:00.036  INFO 60036 --- [http-nio-3333-exec-1] o.s.web.servlet.DispatcherServlet        : Initializing Servlet 'dispatcherServlet'
2020-05-04 15:37:00.072  INFO 60036 --- [http-nio-3333-exec-1] o.s.web.servlet.DispatcherServlet        : Completed initialization in 36 ms
2020-05-04 15:37:00.492  INFO 60036 --- [http-nio-3333-exec-2] com.infy.verizon.api.TravelerAPI         : TRAVELER TRYING TO LOGIN. TRAVELER LOGIN ID: tom123
2020-05-04 15:37:01.525 ERROR 60036 --- [http-nio-3333-exec-2] com.infy.verizon.utility.LoggingAspect   : TravelerService.INVALID_CREDENTIALS
2020-05-04 16:02:59.866  INFO 66892 --- [main] c.i.v.VerizonGroupProjectApplication     : Starting VerizonGroupProjectApplication on USABOS279988L with PID 66892 (C:\Users\jonathan.sisneros\Documents\VerizonGroupProject\jrs-branch\VerizonGroup\verizon_group_project\verizon_group_project\target\classes started by jonathan.sisneros in C:\Users\jonathan.sisneros\Documents\VerizonGroupProject\jrs-branch\VerizonGroup\verizon_group_project\verizon_group_project)
2020-05-04 16:02:59.873  INFO 66892 --- [main] c.i.v.VerizonGroupProjectApplication     : No active profile set, falling back to default profiles: default
2020-05-04 16:03:01.074  INFO 66892 --- [main] .s.d.r.c.RepositoryConfigurationDelegate : Bootstrapping Spring Data JPA repositories in DEFAULT mode.
2020-05-04 16:03:01.138  INFO 66892 --- [main] .s.d.r.c.RepositoryConfigurationDelegate : Finished Spring Data repository scanning in 50ms. Found 0 JPA repository interfaces.
2020-05-04 16:03:02.818  INFO 66892 --- [main] o.s.b.w.embedded.tomcat.TomcatWebServer  : Tomcat initialized with port(s): 3333 (http)
2020-05-04 16:03:02.834  INFO 66892 --- [main] o.apache.catalina.core.StandardService   : Starting service [Tomcat]
2020-05-04 16:03:02.835  INFO 66892 --- [main] org.apache.catalina.core.StandardEngine  : Starting Servlet engine: [Apache Tomcat/9.0.33]
2020-05-04 16:03:03.019  INFO 66892 --- [main] o.a.c.c.C.[.[.[/verizon_group_project]   : Initializing Spring embedded WebApplicationContext
2020-05-04 16:03:03.019  INFO 66892 --- [main] o.s.web.context.ContextLoader            : Root WebApplicationContext: initialization completed in 3027 ms
2020-05-04 16:03:03.492  INFO 66892 --- [main] com.zaxxer.hikari.HikariDataSource       : HikariPool-1 - Starting...
2020-05-04 16:03:07.148  INFO 66892 --- [main] com.zaxxer.hikari.HikariDataSource       : HikariPool-1 - Start completed.
2020-05-04 16:03:07.270  INFO 66892 --- [main] o.hibernate.jpa.internal.util.LogHelper  : HHH000204: Processing PersistenceUnitInfo [name: default]
2020-05-04 16:03:07.403  INFO 66892 --- [main] org.hibernate.Version                    : HHH000412: Hibernate ORM core version 5.4.12.Final
2020-05-04 16:03:07.619  INFO 66892 --- [main] o.hibernate.annotations.common.Version   : HCANN000001: Hibernate Commons Annotations {5.1.0.Final}
2020-05-04 16:03:08.152  INFO 66892 --- [main] org.hibernate.dialect.Dialect            : HHH000400: Using dialect: org.hibernate.dialect.Oracle10gDialect
2020-05-04 16:03:12.986  INFO 66892 --- [main] o.h.e.t.j.p.i.JtaPlatformInitiator       : HHH000490: Using JtaPlatform implementation: [org.hibernate.engine.transaction.jta.platform.internal.NoJtaPlatform]
2020-05-04 16:03:13.001  INFO 66892 --- [main] j.LocalContainerEntityManagerFactoryBean : Initialized JPA EntityManagerFactory for persistence unit 'default'
2020-05-04 16:03:13.401  WARN 66892 --- [main] JpaBaseConfiguration$JpaWebConfiguration : spring.jpa.open-in-view is enabled by default. Therefore, database queries may be performed during view rendering. Explicitly configure spring.jpa.open-in-view to disable this warning
2020-05-04 16:03:13.802  INFO 66892 --- [main] o.s.s.concurrent.ThreadPoolTaskExecutor  : Initializing ExecutorService 'applicationTaskExecutor'
2020-05-04 16:03:14.317  INFO 66892 --- [main] o.s.b.w.embedded.tomcat.TomcatWebServer  : Tomcat started on port(s): 3333 (http) with context path '/verizon_group_project'
2020-05-04 16:03:14.321  INFO 66892 --- [main] c.i.v.VerizonGroupProjectApplication     : Started VerizonGroupProjectApplication in 15.213 seconds (JVM running for 15.938)
2020-05-04 16:03:33.444  INFO 66892 --- [http-nio-3333-exec-1] o.a.c.c.C.[.[.[/verizon_group_project]   : Initializing Spring DispatcherServlet 'dispatcherServlet'
2020-05-04 16:03:33.445  INFO 66892 --- [http-nio-3333-exec-1] o.s.web.servlet.DispatcherServlet        : Initializing Servlet 'dispatcherServlet'
2020-05-04 16:03:33.465  INFO 66892 --- [http-nio-3333-exec-1] o.s.web.servlet.DispatcherServlet        : Completed initialization in 19 ms
2020-05-04 16:03:33.736  INFO 66892 --- [http-nio-3333-exec-3] com.infy.verizon.api.AdminAPI            : ADMIN TRYING TO REGISTER. ADMIN LOGIN ID: jon123
2020-05-04 16:03:35.313  INFO 66892 --- [http-nio-3333-exec-3] com.infy.verizon.api.AdminAPI            : ADMIN REGISTRATION SUCCESSFUL. ADMIN LOGIN ID: jon123
2020-05-04 16:03:49.734  INFO 66892 --- [http-nio-3333-exec-5] com.infy.verizon.api.AdminAPI            : ADMIN TRYING TO LOGIN. ADMIN LOGIN ID: jon123
2020-05-04 16:03:50.615  INFO 66892 --- [http-nio-3333-exec-5] com.infy.verizon.api.AdminAPI            : ADMIN LOGIN SUCCESSFUL. ADMIN LOGIN ID: jon123
2020-05-04 16:04:53.026  INFO 66892 --- [http-nio-3333-exec-7] com.infy.verizon.api.TravelerAPI         : TRAVELER TRYING TO REGISTER. TRAVELER LOGIN ID: jay123
2020-05-04 16:04:54.164  INFO 66892 --- [http-nio-3333-exec-7] com.infy.verizon.api.TravelerAPI         : TRAVELER REGISTRATION SUCCESSFUL. TRAVELER LOGIN ID: jay123
2020-05-04 16:05:17.688  INFO 66892 --- [http-nio-3333-exec-8] com.infy.verizon.api.TravelerAPI         : TRAVELER TRYING TO LOGIN. TRAVELER LOGIN ID: jon123
2020-05-04 16:05:18.269 ERROR 66892 --- [http-nio-3333-exec-8] com.infy.verizon.utility.LoggingAspect   : TravelerService.INVALID_CREDENTIALS
2020-05-04 16:05:23.863  INFO 66892 --- [http-nio-3333-exec-9] com.infy.verizon.api.TravelerAPI         : TRAVELER TRYING TO LOGIN. TRAVELER LOGIN ID: jay123
2020-05-04 16:05:24.700  INFO 66892 --- [http-nio-3333-exec-9] com.infy.verizon.api.TravelerAPI         : TRAVELER LOGIN SUCCESSFUL. TRAVELER LOGIN ID: jay123
